[0m23:50:40.204631 [debug] [MainThread]: Sending event: {'category': 'dbt', 'action': 'invocation', 'label': 'start', 'context': [<snowplow_tracker.self_describing_json.SelfDescribingJson object at 0x110145dd0>, <snowplow_tracker.self_describing_json.SelfDescribingJson object at 0x11015bb90>, <snowplow_tracker.self_describing_json.SelfDescribingJson object at 0x11015bf90>]}


============================== 23:50:40.207106 | e3de94ed-5817-435f-a3b2-34c469a66c21 ==============================
[0m23:50:40.207106 [info ] [MainThread]: Running with dbt=1.7.1
[0m23:50:40.207436 [debug] [MainThread]: running dbt with arguments {'printer_width': '80', 'indirect_selection': 'eager', 'log_cache_events': 'False', 'write_json': 'True', 'partial_parse': 'True', 'cache_selected_only': 'False', 'warn_error': 'None', 'version_check': 'True', 'debug': 'False', 'log_path': 'logs', 'profiles_dir': '/Users/shaun/.dbt', 'fail_fast': 'False', 'use_colors': 'True', 'use_experimental_parser': 'False', 'no_print': 'None', 'quiet': 'False', 'log_format': 'default', 'static_parser': 'True', 'invocation_command': 'dbt init', 'introspect': 'True', 'target_path': 'None', 'warn_error_options': 'WarnErrorOptions(include=[], exclude=[])', 'send_anonymous_usage_stats': 'True'}
[0m23:50:43.023664 [debug] [MainThread]: Starter project path: /Users/shaun/Library/Caches/pypoetry/virtualenvs/data-engineering-playground-vsOUj9Ei-py3.11/lib/python3.11/site-packages/dbt/include/starter_project
[0m23:50:43.035220 [info ] [MainThread]: 
Your new dbt project "dags" was created!

For more information on how to configure the profiles.yml file,
please consult the dbt documentation here:

  https://docs.getdbt.com/docs/configure-your-profile

One more thing:

Need help? Don't hesitate to reach out to us via GitHub issues or on Slack:

  https://community.getdbt.com/

Happy modeling!

[0m23:50:43.036070 [info ] [MainThread]: Setting up your profile.
[0m23:50:43.040908 [error] [MainThread]: Encountered an error:
Runtime Error
  No adapters available. Learn how to install an adapter by going to https://docs.getdbt.com/docs/connect-adapters#install-using-the-cli
[0m23:50:43.044709 [debug] [MainThread]: Resource report: {"command_name": "init", "command_wall_clock_time": 2.8512435, "process_user_time": 0.787233, "process_kernel_time": 0.094809, "process_mem_max_rss": "105283584", "command_success": false, "process_in_blocks": "0", "process_out_blocks": "0"}
[0m23:50:43.045721 [debug] [MainThread]: Command `dbt init` failed at 23:50:43.045530 after 2.85 seconds
[0m23:50:43.046275 [debug] [MainThread]: Sending event: {'category': 'dbt', 'action': 'invocation', 'label': 'end', 'context': [<snowplow_tracker.self_describing_json.SelfDescribingJson object at 0x102af9f90>, <snowplow_tracker.self_describing_json.SelfDescribingJson object at 0x102afb4d0>, <snowplow_tracker.self_describing_json.SelfDescribingJson object at 0x106d96010>]}
[0m23:50:43.046791 [debug] [MainThread]: Flushing usage events
[0m23:51:30.418700 [debug] [MainThread]: Sending event: {'category': 'dbt', 'action': 'invocation', 'label': 'start', 'context': [<snowplow_tracker.self_describing_json.SelfDescribingJson object at 0x10728ccd0>, <snowplow_tracker.self_describing_json.SelfDescribingJson object at 0x1072a2ad0>, <snowplow_tracker.self_describing_json.SelfDescribingJson object at 0x1072a32d0>]}


============================== 23:51:30.420831 | cfc5b22e-260e-43f6-993d-5fcd8a497b60 ==============================
[0m23:51:30.420831 [info ] [MainThread]: Running with dbt=1.7.1
[0m23:51:30.421150 [debug] [MainThread]: running dbt with arguments {'printer_width': '80', 'indirect_selection': 'eager', 'log_cache_events': 'False', 'write_json': 'True', 'partial_parse': 'True', 'cache_selected_only': 'False', 'profiles_dir': '/Users/shaun/.dbt', 'version_check': 'True', 'warn_error': 'None', 'log_path': 'logs', 'fail_fast': 'False', 'debug': 'False', 'use_colors': 'True', 'use_experimental_parser': 'False', 'no_print': 'None', 'quiet': 'False', 'log_format': 'default', 'introspect': 'True', 'invocation_command': 'dbt init', 'warn_error_options': 'WarnErrorOptions(include=[], exclude=[])', 'target_path': 'None', 'static_parser': 'True', 'send_anonymous_usage_stats': 'True'}
[0m23:51:32.900339 [debug] [MainThread]: Starter project path: /Users/shaun/Library/Caches/pypoetry/virtualenvs/data-engineering-playground-vsOUj9Ei-py3.11/lib/python3.11/site-packages/dbt/include/starter_project
[0m23:51:32.916219 [info ] [MainThread]: 
Your new dbt project "dags" was created!

For more information on how to configure the profiles.yml file,
please consult the dbt documentation here:

  https://docs.getdbt.com/docs/configure-your-profile

One more thing:

Need help? Don't hesitate to reach out to us via GitHub issues or on Slack:

  https://community.getdbt.com/

Happy modeling!

[0m23:51:32.916624 [info ] [MainThread]: Setting up your profile.
[0m23:55:19.898691 [info ] [MainThread]: Profile dags written to /Users/shaun/.dbt/profiles.yml using target's profile_template.yml and your supplied values. Run 'dbt debug' to validate the connection.
[0m23:55:19.904280 [debug] [MainThread]: Resource report: {"command_name": "init", "command_success": true, "command_wall_clock_time": 229.49364, "process_user_time": 1.226231, "process_kernel_time": 0.21052, "process_mem_max_rss": "137478144", "process_in_blocks": "0", "process_out_blocks": "0"}
[0m23:55:19.907094 [debug] [MainThread]: Command `dbt init` succeeded at 23:55:19.906176 after 229.50 seconds
[0m23:55:19.908125 [debug] [MainThread]: Sending event: {'category': 'dbt', 'action': 'invocation', 'label': 'end', 'context': [<snowplow_tracker.self_describing_json.SelfDescribingJson object at 0x1072a3610>, <snowplow_tracker.self_describing_json.SelfDescribingJson object at 0x106bf6d90>, <snowplow_tracker.self_describing_json.SelfDescribingJson object at 0x108217850>]}
[0m23:55:19.909441 [debug] [MainThread]: Flushing usage events
[0m11:43:36.055507 [debug] [MainThread]: Sending event: {'category': 'dbt', 'action': 'invocation', 'label': 'start', 'context': [<snowplow_tracker.self_describing_json.SelfDescribingJson object at 0x106d802d0>, <snowplow_tracker.self_describing_json.SelfDescribingJson object at 0x113f4a3d0>, <snowplow_tracker.self_describing_json.SelfDescribingJson object at 0x113f573d0>]}


============================== 11:43:36.065004 | f779ad96-0802-43ab-8e74-91f649b24294 ==============================
[0m11:43:36.065004 [info ] [MainThread]: Running with dbt=1.7.1
[0m11:43:36.065434 [debug] [MainThread]: running dbt with arguments {'printer_width': '80', 'indirect_selection': 'eager', 'log_cache_events': 'False', 'write_json': 'True', 'partial_parse': 'True', 'cache_selected_only': 'False', 'warn_error': 'None', 'version_check': 'True', 'fail_fast': 'False', 'log_path': 'logs', 'debug': 'False', 'profiles_dir': '/Users/shaun/Code/analytics-engineering-playground', 'use_colors': 'True', 'use_experimental_parser': 'False', 'no_print': 'None', 'quiet': 'False', 'warn_error_options': 'WarnErrorOptions(include=[], exclude=[])', 'introspect': 'True', 'invocation_command': 'dbt debug', 'log_format': 'default', 'target_path': 'None', 'static_parser': 'True', 'send_anonymous_usage_stats': 'True'}
[0m11:43:36.065910 [info ] [MainThread]: dbt version: 1.7.1
[0m11:43:36.066117 [info ] [MainThread]: python version: 3.11.6
[0m11:43:36.066297 [info ] [MainThread]: python path: /Users/shaun/Library/Caches/pypoetry/virtualenvs/analytics-engineering-playground-Sz3k-v-1-py3.11/bin/python
[0m11:43:36.066459 [info ] [MainThread]: os info: macOS-14.0-arm64-arm-64bit
[0m11:43:36.809989 [info ] [MainThread]: Using profiles dir at /Users/shaun/Code/analytics-engineering-playground
[0m11:43:36.810269 [info ] [MainThread]: Using profiles.yml file at /Users/shaun/Code/analytics-engineering-playground/profiles.yml
[0m11:43:36.810441 [info ] [MainThread]: Using dbt_project.yml file at /Users/shaun/Code/analytics-engineering-playground/dbt_project.yml
[0m11:43:36.810870 [info ] [MainThread]: adapter type: bigquery
[0m11:43:36.811023 [info ] [MainThread]: adapter version: 1.7.2
[0m11:43:36.811179 [info ] [MainThread]: Configuration:
[0m11:43:36.811329 [info ] [MainThread]:   profiles.yml file [[32mOK found and valid[0m]
[0m11:43:36.811472 [info ] [MainThread]:   dbt_project.yml file [[31mERROR not found[0m]
[0m11:43:36.811609 [info ] [MainThread]: Required dependencies:
[0m11:43:36.811772 [debug] [MainThread]: Executing "git --help"
[0m11:43:36.818984 [debug] [MainThread]: STDOUT: "b"usage: git [-v | --version] [-h | --help] [-C <path>] [-c <name>=<value>]\n           [--exec-path[=<path>]] [--html-path] [--man-path] [--info-path]\n           [-p | --paginate | -P | --no-pager] [--no-replace-objects] [--bare]\n           [--git-dir=<path>] [--work-tree=<path>] [--namespace=<name>]\n           [--config-env=<name>=<envvar>] <command> [<args>]\n\nThese are common Git commands used in various situations:\n\nstart a working area (see also: git help tutorial)\n   clone     Clone a repository into a new directory\n   init      Create an empty Git repository or reinitialize an existing one\n\nwork on the current change (see also: git help everyday)\n   add       Add file contents to the index\n   mv        Move or rename a file, a directory, or a symlink\n   restore   Restore working tree files\n   rm        Remove files from the working tree and from the index\n\nexamine the history and state (see also: git help revisions)\n   bisect    Use binary search to find the commit that introduced a bug\n   diff      Show changes between commits, commit and working tree, etc\n   grep      Print lines matching a pattern\n   log       Show commit logs\n   show      Show various types of objects\n   status    Show the working tree status\n\ngrow, mark and tweak your common history\n   branch    List, create, or delete branches\n   commit    Record changes to the repository\n   merge     Join two or more development histories together\n   rebase    Reapply commits on top of another base tip\n   reset     Reset current HEAD to the specified state\n   switch    Switch branches\n   tag       Create, list, delete or verify a tag object signed with GPG\n\ncollaborate (see also: git help workflows)\n   fetch     Download objects and refs from another repository\n   pull      Fetch from and integrate with another repository or a local branch\n   push      Update remote refs along with associated objects\n\n'git help -a' and 'git help -g' list available subcommands and some\nconcept guides. See 'git help <command>' or 'git help <concept>'\nto read about a specific subcommand or concept.\nSee 'git help git' for an overview of the system.\n""
[0m11:43:36.819512 [debug] [MainThread]: STDERR: "b''"
[0m11:43:36.819706 [info ] [MainThread]:  - git [[32mOK found[0m]

[0m11:43:36.819876 [info ] [MainThread]: Connection:
[0m11:43:36.820107 [info ] [MainThread]:   method: oauth
[0m11:43:36.820247 [info ] [MainThread]:   database: data-playground-sandbox
[0m11:43:36.820385 [info ] [MainThread]:   execution_project: data-playground-sandbox
[0m11:43:36.820518 [info ] [MainThread]:   schema: sandbox
[0m11:43:36.820652 [info ] [MainThread]:   location: EU
[0m11:43:36.820783 [info ] [MainThread]:   priority: interactive
[0m11:43:36.820916 [info ] [MainThread]:   maximum_bytes_billed: None
[0m11:43:36.821055 [info ] [MainThread]:   impersonate_service_account: None
[0m11:43:36.821187 [info ] [MainThread]:   job_retry_deadline_seconds: None
[0m11:43:36.821320 [info ] [MainThread]:   job_retries: 1
[0m11:43:36.821450 [info ] [MainThread]:   job_creation_timeout_seconds: None
[0m11:43:36.821581 [info ] [MainThread]:   job_execution_timeout_seconds: 300
[0m11:43:36.821715 [info ] [MainThread]:   keyfile: None
[0m11:43:36.821845 [info ] [MainThread]:   timeout_seconds: 300
[0m11:43:36.821975 [info ] [MainThread]:   refresh_token: None
[0m11:43:36.822101 [info ] [MainThread]:   client_id: None
[0m11:43:36.822226 [info ] [MainThread]:   token_uri: None
[0m11:43:36.822352 [info ] [MainThread]:   dataproc_region: None
[0m11:43:36.822477 [info ] [MainThread]:   dataproc_cluster_name: None
[0m11:43:36.822605 [info ] [MainThread]:   gcs_bucket: None
[0m11:43:36.822739 [info ] [MainThread]:   dataproc_batch: None
[0m11:43:36.822992 [info ] [MainThread]: Registered adapter: bigquery=1.7.2
[0m11:43:36.826982 [debug] [MainThread]: Acquiring new bigquery connection 'debug'
[0m11:43:36.827674 [debug] [MainThread]: Opening a new connection, currently in state init
[0m11:43:37.182727 [debug] [MainThread]: On debug: select 1 as id
[0m11:43:37.516113 [error] [MainThread]: BigQuery adapter: https://console.cloud.google.com/bigquery?project=data-playground-sandbox&j=bq:EU:65b99370-7518-47b9-a592-61a3f3aedc5f&page=queryresults
[0m11:43:37.519152 [info ] [MainThread]:   Connection test: [[31mERROR[0m]

[0m11:43:37.520702 [info ] [MainThread]: [31m2 checks failed:[0m
[0m11:43:37.521249 [info ] [MainThread]: Project loading failed for the following reason:
 project path </Users/shaun/Code/analytics-engineering-playground/dbt_project.yml> not found

[0m11:43:37.521846 [info ] [MainThread]: dbt was unable to connect to the specified database.
The database returned the following error:

  >Database Error
  Project data-playground-p has been deleted.

Check your database credentials and try again. For more information, visit:
https://docs.getdbt.com/docs/configure-your-profile


[0m11:43:37.525141 [debug] [MainThread]: Resource report: {"command_name": "debug", "command_wall_clock_time": 1.4954298, "process_user_time": 2.057979, "process_kernel_time": 0.404607, "process_mem_max_rss": "157679616", "command_success": false, "process_in_blocks": "0", "process_out_blocks": "0"}
[0m11:43:37.526243 [debug] [MainThread]: Command `dbt debug` failed at 11:43:37.526059 after 1.50 seconds
[0m11:43:37.526835 [debug] [MainThread]: Connection 'debug' was properly closed.
[0m11:43:37.527319 [debug] [MainThread]: Sending event: {'category': 'dbt', 'action': 'invocation', 'label': 'end', 'context': [<snowplow_tracker.self_describing_json.SelfDescribingJson object at 0x113f4a150>, <snowplow_tracker.self_describing_json.SelfDescribingJson object at 0x113566c10>, <snowplow_tracker.self_describing_json.SelfDescribingJson object at 0x1151f3cd0>]}
[0m11:43:37.527883 [debug] [MainThread]: Flushing usage events
[0m12:03:12.671245 [debug] [MainThread]: Sending event: {'category': 'dbt', 'action': 'invocation', 'label': 'start', 'context': [<snowplow_tracker.self_describing_json.SelfDescribingJson object at 0x105c43250>, <snowplow_tracker.self_describing_json.SelfDescribingJson object at 0x105cb2e10>, <snowplow_tracker.self_describing_json.SelfDescribingJson object at 0x105cb3610>]}


============================== 12:03:12.673327 | 52dd8cd4-235a-4db8-bab1-bbe7eb9e8384 ==============================
[0m12:03:12.673327 [info ] [MainThread]: Running with dbt=1.7.1
[0m12:03:12.673674 [debug] [MainThread]: running dbt with arguments {'printer_width': '80', 'indirect_selection': 'eager', 'log_cache_events': 'False', 'write_json': 'True', 'partial_parse': 'True', 'cache_selected_only': 'False', 'warn_error': 'None', 'version_check': 'True', 'profiles_dir': '/Users/shaun/.dbt', 'log_path': 'logs', 'fail_fast': 'False', 'debug': 'False', 'use_colors': 'True', 'use_experimental_parser': 'False', 'no_print': 'None', 'quiet': 'False', 'log_format': 'default', 'introspect': 'True', 'warn_error_options': 'WarnErrorOptions(include=[], exclude=[])', 'static_parser': 'True', 'target_path': 'None', 'invocation_command': 'dbt init', 'send_anonymous_usage_stats': 'True'}
[0m12:03:18.104956 [debug] [MainThread]: Starter project path: /Users/shaun/Library/Caches/pypoetry/virtualenvs/analytics-engineering-playground-Sz3k-v-1-py3.11/lib/python3.11/site-packages/dbt/include/starter_project
[0m12:03:18.112533 [info ] [MainThread]: 
Your new dbt project "dags" was created!

For more information on how to configure the profiles.yml file,
please consult the dbt documentation here:

  https://docs.getdbt.com/docs/configure-your-profile

One more thing:

Need help? Don't hesitate to reach out to us via GitHub issues or on Slack:

  https://community.getdbt.com/

Happy modeling!

[0m12:03:18.113172 [info ] [MainThread]: Setting up your profile.
[0m12:03:45.199335 [info ] [MainThread]: Profile dags written to /Users/shaun/.dbt/profiles.yml using target's profile_template.yml and your supplied values. Run 'dbt debug' to validate the connection.
[0m12:03:45.202631 [debug] [MainThread]: Resource report: {"command_name": "init", "command_success": true, "command_wall_clock_time": 32.55622, "process_user_time": 0.952219, "process_kernel_time": 0.120904, "process_mem_max_rss": "132186112", "process_in_blocks": "0", "process_out_blocks": "0"}
[0m12:03:45.203453 [debug] [MainThread]: Command `dbt init` succeeded at 12:03:45.203288 after 32.56 seconds
[0m12:03:45.203957 [debug] [MainThread]: Sending event: {'category': 'dbt', 'action': 'invocation', 'label': 'end', 'context': [<snowplow_tracker.self_describing_json.SelfDescribingJson object at 0x105cc3c10>, <snowplow_tracker.self_describing_json.SelfDescribingJson object at 0x105cc3890>, <snowplow_tracker.self_describing_json.SelfDescribingJson object at 0x1053087d0>]}
[0m12:03:45.204474 [debug] [MainThread]: Flushing usage events
